{"level":"error","message":"putProductInCart = No se pudo actualizar el Producto al carrito!"}
{"level":"error","message":"insertFile = No subio la imagen"}
{"level":"error","message":"insertFile = No subio la imagen"}
{"level":"error","message":"insertFile = No subio la imagen"}
{"level":"error","message":"loginUser = Incorrect credentials"}
{"level":"error","message":"loginUser = Incorrect password"}
{"level":"error","message":"loginUser = Incorrect credentials"}
{"level":"error","message":"registerUser = usersRepository.getUser is not a function"}
{"level":"error","message":"postProduct = Faltan completar campos!"}
{"level":"error","message":"postProduct = Faltan completar campos!"}
{"level":"error","message":"getCartById = El carrito con ID 64ade5160a5c4030e21aa512 NO existe!"}
{"level":"error","message":"getAllUser = No se pudieron mostrar los usuarios!"}
{"level":"error","message":"getAllUser = No se pudieron mostrar los usuarios!"}
{"level":"error","message":"postProduct = Faltan completar campos!"}
{"level":"error","message":"postProduct = Faltan completar campos!"}
{"level":"error","message":"getAllUser = No se pudieron mostrar los usuarios!"}
{"level":"error","message":"getAllUser = No se pudieron mostrar los usuarios!"}
{"level":"error","message":"getAllUser = No se pudieron mostrar los usuarios!"}
{"level":"error","message":"loginUser = Incorrect password"}
{"level":"error","message":"loginUser = Incorrect credentials"}
{"level":"error","message":"deleteUser = No se pudo eliminar el user. No se encontro el usuario."}
{"level":"error","message":"deleteAllUser = No se pudo eliminar el user"}
{"level":"error","message":"deleteAllUser = No se pudo eliminar el user"}
{"level":"error","message":"deleteAllUser = No se pudo eliminar el user"}
{"level":"error","message":"deleteAllUser = No se pudo eliminar el user"}
{"level":"error","message":"deleteAllUser = No se pudo eliminar el user"}
{"level":"error","message":"deleteAllUser = No se pudo eliminar el user"}
{"level":"error","message":"deleteAllUser = No se pudo eliminar el user"}
{"level":"error","message":"deleteAllUser = No se pudo eliminar el user"}
{"level":"error","message":"deleteAllUser = No se pudo eliminar el user"}
{"level":"error","message":"deleteAllUser = No se pudo eliminar el user"}
{"level":"error","message":"deleteUser = No se pudo eliminar el user. No se encontro el usuario."}
{"level":"error","message":"deleteUser = No se pudo eliminar el user. No se encontro el usuario."}
{"level":"error","message":"deleteAllUser = No se pudo eliminar el user"}
{"level":"error","message":"Error deleteProductById: NO existe el producto que desea eliminar!"}
{"level":"error","message":"Error deleteProductById: NO existe el producto que desea eliminar!"}
{"level":"error","message":"Error deleteProductById: NO existe el producto que desea eliminar!"}
{"level":"error","message":"Error deleteProductById: NO existe el producto que desea eliminar!"}
{"level":"error","message":"Error deleteProductById: NO existe el producto que desea eliminar!"}
{"level":"error","message":"Error deleteProductById: NO existe el producto que desea eliminar!"}
{"level":"error","message":"Error deleteProductById: NO existe el producto que desea eliminar!"}
{"level":"error","message":"Error deleteProductById: NO existe el producto que desea eliminar!"}
{"level":"error","message":"Error deleteProductById: NO existe el producto que desea eliminar!"}
{"level":"error","message":"Error deleteProductById: NO existe el producto que desea eliminar!"}
{"level":"error","message":"Error deleteProductById: NO existe el producto que desea eliminar!"}
{"level":"error","message":"Error deleteProductById: NO existe el producto que desea eliminar!"}
{"level":"error","message":"Error deleteProductById: NO existe el producto que desea eliminar!"}
{"level":"error","message":"Error registerUser: Faltan completar campos!"}
{"level":"error","message":"Error registerUser: User already exist!"}
{"level":"error","message":"getCartById = El carrito con ID 64ade5160a5c4030e21aa512 NO existe!"}
{"level":"error","message":"getCartById = El carrito con ID 64ade5160a5c4030e21aa512 NO existe!"}
{"level":"error","message":"getCartById = El carrito con ID 64ade5160a5c4030e21aa512 NO existe!"}
{"level":"error","message":"getCartById = El carrito con ID 64ade5160a5c4030e21aa512 NO existe!"}
{"level":"error","message":"getCartById = El carrito con ID 64ade5160a5c4030e21aa512 NO existe!"}
{"level":"error","message":"getCartById = El carrito con ID 64ade5160a5c4030e21aa512 NO existe!"}
{"level":"error","message":"getCartById = El carrito con ID 64ade5160a5c4030e21aa512 NO existe!"}
{"level":"error","message":"getCartById = El carrito con ID 64ade5160a5c4030e21aa512 NO existe!"}
{"level":"error","message":"getCartById = El carrito con ID 64ade5160a5c4030e21aa512 NO existe!"}
{"level":"error","message":"loginUser = Incorrect credentials"}
{"level":"error","message":"getTicketById = El ticket con ID undefined NO existe!"}
{"level":"error","message":"getTicketById = El ticket con ID undefined NO existe!"}
{"level":"error","message":"getTicketById = El ticket con ID 64f4df4aa958f2a3d20381e9 NO existe!"}
{"level":"error","message":"getTicketById = El ticket con ID 64f4df4aa958f2a3d20381e9 NO existe!"}
{"level":"error","message":"getTicketById = El ticket con ID 64f4df4aa958f2a3d20381e9 NO existe!"}
{"level":"error","message":"getTicketById = El ticket con ID 64f4df4aa958f2a3d20381e9 NO existe!"}
{"level":"error","message":"postPurchase = config is not defined"}
{"level":"error","message":"postProduct = Faltan completar campos!"}
{"level":"error","message":"postProduct = Faltan completar campos!"}
{"level":"error","message":"postProduct = Faltan completar campos!"}
{"level":"error","message":"postProduct = Faltan completar campos!"}
